  Game.cpp
C:\Users\Dominic\Desktop\UNI\Year 3\Capstone Project\capstone-project-summer-development\Super_Mario_Bros_Remake\Super_Mario_Bros_Remake\Game.cpp(6,12): warning C4244: 'argument': conversion from 'time_t' to 'unsigned int', possible loss of data
  Main.cpp
  Mario.cpp
C:\Users\Dominic\Desktop\UNI\Year 3\Capstone Project\capstone-project-summer-development\Super_Mario_Bros_Remake\Super_Mario_Bros_Remake\Mario.cpp(5,1): warning C4305: 'argument': truncation from 'double' to 'float'
C:\Users\Dominic\Desktop\UNI\Year 3\Capstone Project\capstone-project-summer-development\Super_Mario_Bros_Remake\Super_Mario_Bros_Remake\Mario.cpp(167,38): warning C4244: 'argument': conversion from 'T' to 'const unsigned int', possible loss of data
          with
          [
              T=float
          ]
C:\Users\Dominic\Desktop\UNI\Year 3\Capstone Project\capstone-project-summer-development\Super_Mario_Bros_Remake\Super_Mario_Bros_Remake\Mario.cpp(167,54): warning C4244: 'argument': conversion from 'T' to 'const unsigned int', possible loss of data
          with
          [
              T=float
          ]
C:\Users\Dominic\Desktop\UNI\Year 3\Capstone Project\capstone-project-summer-development\Super_Mario_Bros_Remake\Super_Mario_Bros_Remake\Mario.cpp(173,26): warning C4244: 'argument': conversion from 'T' to 'const unsigned int', possible loss of data
          with
          [
              T=float
          ]
C:\Users\Dominic\Desktop\UNI\Year 3\Capstone Project\capstone-project-summer-development\Super_Mario_Bros_Remake\Super_Mario_Bros_Remake\Mario.cpp(173,43): warning C4244: 'argument': conversion from 'T' to 'const unsigned int', possible loss of data
          with
          [
              T=float
          ]
C:\Users\Dominic\Desktop\UNI\Year 3\Capstone Project\capstone-project-summer-development\Super_Mario_Bros_Remake\Super_Mario_Bros_Remake\Mario.cpp(179,28): warning C4244: 'argument': conversion from 'T' to 'const unsigned int', possible loss of data
          with
          [
              T=float
          ]
C:\Users\Dominic\Desktop\UNI\Year 3\Capstone Project\capstone-project-summer-development\Super_Mario_Bros_Remake\Super_Mario_Bros_Remake\Mario.cpp(179,47): warning C4244: 'argument': conversion from 'T' to 'const unsigned int', possible loss of data
          with
          [
              T=float
          ]
C:\Users\Dominic\Desktop\UNI\Year 3\Capstone Project\capstone-project-summer-development\Super_Mario_Bros_Remake\Super_Mario_Bros_Remake\Mario.cpp(185,29): warning C4244: 'argument': conversion from 'T' to 'const unsigned int', possible loss of data
          with
          [
              T=float
          ]
C:\Users\Dominic\Desktop\UNI\Year 3\Capstone Project\capstone-project-summer-development\Super_Mario_Bros_Remake\Super_Mario_Bros_Remake\Mario.cpp(185,49): warning C4244: 'argument': conversion from 'T' to 'const unsigned int', possible loss of data
          with
          [
              T=float
          ]
  Generating Code...
  Super_Mario_Bros_Remake.vcxproj -> C:\Users\Dominic\Desktop\UNI\Year 3\Capstone Project\capstone-project-summer-development\Super_Mario_Bros_Remake\Debug\Super_Mario_Bros_Remake.exe
